SF:/Users/timsneath/src/zxspectrum/lib/src/disassembler.dart
DA:14,1
DA:1276,1
DA:1277,1
DA:1278,1
DA:1279,4
DA:1280,1
DA:1281,4
DA:1290,1
DA:1294,1
DA:1295,0
DA:1296,0
DA:1297,0
DA:1300,0
DA:1302,1
DA:1305,0
DA:1307,0
DA:1309,1
DA:1310,1
DA:1312,0
DA:1318,0
DA:1319,0
DA:1320,0
DA:1323,0
DA:1326,0
DA:1328,0
DA:1330,0
DA:1331,0
DA:1336,0
DA:1337,0
DA:1342,0
DA:1344,0
DA:1345,0
DA:1348,0
DA:1352,1
DA:1353,1
DA:1354,0
DA:1357,2
DA:1364,1
DA:1367,1
DA:1368,0
DA:1372,0
DA:1377,1
DA:1381,1
DA:1382,1
DA:1383,0
DA:1388,0
DA:1391,0
DA:1395,0
DA:1400,0
DA:1407,1
DA:1412,1
DA:1416,1
DA:1421,1
DA:1430,1
DA:1431,2
DA:1434,2
DA:1438,1
DA:1439,4
DA:1440,1
DA:1441,4
DA:1443,1
DA:1444,2
DA:1445,1
DA:1446,3
DA:1448,1
DA:1452,2
DA:1455,0
DA:1457,0
DA:1460,0
DA:1461,0
DA:1462,0
DA:1463,0
DA:1464,0
DA:1467,0
LF:74
LH:37
end_of_record
SF:/Users/timsneath/src/zxspectrum/lib/src/display.dart
DA:12,0
DA:13,0
DA:20,0
DA:24,0
DA:26,0
DA:35,0
DA:36,0
DA:37,0
DA:38,0
DA:40,0
DA:41,0
DA:42,0
DA:43,0
DA:44,0
DA:45,0
DA:46,0
DA:51,0
DA:53,0
DA:54,0
DA:55,0
DA:63,1
DA:64,3
DA:68,2
DA:69,2
DA:70,4
DA:84,2
DA:85,2
DA:86,1
DA:87,3
DA:88,2
DA:89,2
DA:91,2
DA:92,2
DA:95,1
DA:105,5
DA:107,3
DA:108,1
DA:109,2
DA:111,0
DA:113,1
DA:116,2
DA:117,4
DA:118,3
DA:119,3
DA:120,3
DA:121,2
LF:46
LH:25
end_of_record
SF:/Users/timsneath/src/zxspectrum/lib/src/spectrumcolor.dart
DA:10,1
DA:13,1
DA:14,2
DA:16,0
DA:17,0
DA:20,4
DA:23,4
DA:26,4
DA:28,0
DA:30,0
LF:10
LH:6
end_of_record
SF:/Users/timsneath/src/zxspectrum/lib/src/memory.dart
DA:36,3
DA:37,6
DA:39,1
DA:41,1
DA:42,4
DA:44,0
DA:48,2
DA:51,2
DA:53,4
DA:57,6
DA:58,6
DA:61,2
DA:64,1
DA:66,3
DA:68,0
DA:72,2
DA:74,4
DA:75,4
DA:79,2
DA:81,2
DA:82,6
DA:83,8
DA:87,3
DA:88,6
DA:90,2
DA:92,12
LF:26
LH:24
end_of_record
SF:/Users/timsneath/src/zxspectrum/lib/src/spectrum.dart
DA:24,0
DA:26,1
DA:27,2
DA:28,4
DA:29,2
DA:30,3
DA:31,2
DA:35,1
DA:38,2
DA:39,2
DA:44,0
DA:47,0
DA:48,0
DA:50,0
DA:55,1
DA:56,2
DA:57,2
DA:58,2
LF:18
LH:13
end_of_record
SF:/Users/timsneath/src/zxspectrum/lib/src/ula.dart
DA:40,1
DA:41,1
DA:42,2
DA:43,1
DA:46,1
DA:47,4
DA:48,2
DA:51,1
DA:60,0
DA:61,0
DA:63,0
DA:66,0
DA:67,0
DA:69,0
DA:72,0
DA:74,0
DA:75,0
DA:78,0
DA:82,0
DA:84,0
DA:85,0
DA:87,0
DA:88,0
DA:89,0
DA:94,0
DA:95,0
DA:110,1
DA:111,1
DA:113,1
DA:115,1
DA:117,1
DA:120,0
DA:121,0
DA:123,0
DA:124,0
DA:127,0
LF:36
LH:13
end_of_record
SF:/Users/timsneath/src/zxspectrum/lib/src/storage.dart
DA:12,0
DA:14,0
DA:16,0
DA:18,0
DA:19,0
DA:23,0
DA:24,0
DA:28,0
DA:34,0
DA:35,0
DA:37,0
DA:38,0
DA:39,0
DA:40,0
DA:41,0
DA:42,0
DA:43,0
DA:44,0
DA:45,0
DA:46,0
DA:47,0
DA:48,0
DA:49,0
DA:50,0
DA:51,0
DA:52,0
DA:53,0
DA:54,0
DA:56,0
DA:60,0
DA:65,0
DA:66,0
DA:71,0
DA:72,0
DA:74,0
DA:77,0
DA:81,0
DA:82,0
DA:83,0
DA:84,0
DA:85,0
DA:87,0
DA:89,0
DA:90,0
DA:91,0
DA:92,0
DA:93,0
DA:96,0
DA:97,0
DA:98,0
DA:99,0
DA:100,0
DA:101,0
DA:102,0
DA:103,0
DA:104,0
DA:105,0
DA:106,0
DA:107,0
DA:108,0
DA:109,0
DA:112,0
DA:113,0
DA:115,0
DA:116,0
DA:125,0
DA:126,0
DA:129,0
DA:133,0
DA:134,0
DA:135,0
DA:138,0
DA:139,0
DA:141,0
DA:142,0
DA:145,0
DA:148,0
LF:77
LH:0
end_of_record
